<?xml version="1.0" encoding="UTF-8"?>
<!-- Generated by org.testng.reporters.JUnitXMLReporter -->
<testsuite ignored="0" hostname="LTIN189892" failures="0" tests="20" name="chromeTest" time="89.799" errors="0" timestamp="2024-03-07T13:43:25 IST">
  <testcase classname="testCases.Test_001" name="verifyValidCarWebPage" time="0.57"/>
  <testcase classname="testCases.Test_001" name="dataFillingInCarLoan" time="4.348"/>
  <testcase classname="testCases.Test_001" name="verifyValidHomeWebPage" time="2.837"/>
  <testcase classname="testCases.Test_001" name="uiHomeLoanEmiCalculator" time="2.115"/>
  <testcase classname="testCases.Test_001" name="uiHomeOwnerExpenses" time="3.032"/>
  <testcase classname="testCases.Test_001" name="dataFillingInHomeLoan" time="34.801"/>
  <testcase classname="testCases.Test_001" name="verifyValidLoanWebPage" time="2.928"/>
  <testcase classname="testCases.Test_001" name="ecLoanAmount" time="1.253"/>
  <testcase classname="testCases.Test_001" name="ecInterest" time="1.165"/>
  <testcase classname="testCases.Test_001" name="ecLoanTenure" time="2.196"/>
  <testcase classname="testCases.Test_001" name="ecFeesAndCharge" time="1.105"/>
  <testcase classname="testCases.Test_001" name="verifyValidLoanAmountCalculator" time="0.985"/>
  <testcase classname="testCases.Test_001" name="lacEmi" time="1.215"/>
  <testcase classname="testCases.Test_001" name="lacInterest" time="1.344"/>
  <testcase classname="testCases.Test_001" name="lacLoanTenure" time="2.123"/>
  <testcase classname="testCases.Test_001" name="lacFeesAndCharge" time="1.27"/>
  <testcase classname="testCases.Test_001" name="verifyValidLoanTenureCalculator" time="0.961"/>
  <testcase classname="testCases.Test_001" name="ltcLoanAmount" time="1.204"/>
  <testcase classname="testCases.Test_001" name="ltcEmiAndInterest" time="2.147"/>
  <testcase classname="testCases.Test_001" name="ltcFees" time="1.06"/>
</testsuite> <!-- chromeTest -->
