<?xml version="1.0" encoding="UTF-8"?>
<!-- Generated by org.testng.reporters.JUnitXMLReporter -->
<testsuite ignored="0" hostname="LTIN189892" failures="0" tests="20" name="edgeTest" time="457.149" errors="0" timestamp="2024-03-05T22:06:17 IST">
  <testcase classname="testCases.Test_001" name="verifyValidCarWebPage" time="3.063"/>
  <testcase classname="testCases.Test_001" name="dataFillingInCarLoan" time="6.682"/>
  <testcase classname="testCases.Test_001" name="verifyValidHomeWebPage" time="3.604"/>
  <testcase classname="testCases.Test_001" name="uiHomeLoanEmiCalculator" time="4.363"/>
  <testcase classname="testCases.Test_001" name="uiHomeOwnerExpenses" time="2.905"/>
  <testcase classname="testCases.Test_001" name="dataFillingInHomeLoan" time="81.951"/>
  <testcase classname="testCases.Test_001" name="verifyValidLoanWebPage" time="3.276"/>
  <testcase classname="testCases.Test_001" name="ecLoanAmount" time="2.085"/>
  <testcase classname="testCases.Test_001" name="ecInterest" time="1.79"/>
  <testcase classname="testCases.Test_001" name="ecLoanTenure" time="2.906"/>
  <testcase classname="testCases.Test_001" name="ecFeesAndCharge" time="1.797"/>
  <testcase classname="testCases.Test_001" name="verifyValidLoanAmountCalculator" time="1.668"/>
  <testcase classname="testCases.Test_001" name="lacEmi" time="1.526"/>
  <testcase classname="testCases.Test_001" name="lacInterest" time="1.491"/>
  <testcase classname="testCases.Test_001" name="lacLoanTenure" time="3.492"/>
  <testcase classname="testCases.Test_001" name="lacFeesAndCharge" time="1.8"/>
  <testcase classname="testCases.Test_001" name="verifyValidLoanTenureCalculator" time="2.346"/>
  <testcase classname="testCases.Test_001" name="ltcLoanAmount" time="1.882"/>
  <testcase classname="testCases.Test_001" name="ltcEmiAndInterest" time="3.022"/>
  <testcase classname="testCases.Test_001" name="ltcFees" time="1.437"/>
</testsuite> <!-- edgeTest -->
