<?xml version="1.0" encoding="UTF-8"?>
<!-- Generated by org.testng.reporters.JUnitXMLReporter -->
<testsuite ignored="0" hostname="LTIN189892" failures="0" tests="20" name="chromeTest" time="79.583" errors="0" timestamp="2024-03-11T10:01:38 IST">
  <testcase classname="testCases.Test_001" name="verifyValidCarWebPage" time="0.677"/>
  <testcase classname="testCases.Test_001" name="dataFillingInCarLoan" time="3.644"/>
  <testcase classname="testCases.Test_001" name="verifyValidHomeWebPage" time="2.092"/>
  <testcase classname="testCases.Test_001" name="uiHomeLoanEmiCalculator" time="1.429"/>
  <testcase classname="testCases.Test_001" name="uiHomeOwnerExpenses" time="1.354"/>
  <testcase classname="testCases.Test_001" name="dataFillingInHomeLoan" time="30.155"/>
  <testcase classname="testCases.Test_001" name="verifyValidLoanWebPage" time="2.31"/>
  <testcase classname="testCases.Test_001" name="ecLoanAmount" time="1.078"/>
  <testcase classname="testCases.Test_001" name="ecInterest" time="1.048"/>
  <testcase classname="testCases.Test_001" name="ecLoanTenure" time="1.849"/>
  <testcase classname="testCases.Test_001" name="ecFeesAndCharge" time="0.892"/>
  <testcase classname="testCases.Test_001" name="verifyValidLoanAmountCalculator" time="0.558"/>
  <testcase classname="testCases.Test_001" name="lacEmi" time="0.82"/>
  <testcase classname="testCases.Test_001" name="lacInterest" time="0.822"/>
  <testcase classname="testCases.Test_001" name="lacLoanTenure" time="1.538"/>
  <testcase classname="testCases.Test_001" name="lacFeesAndCharge" time="1.11"/>
  <testcase classname="testCases.Test_001" name="verifyValidLoanTenureCalculator" time="0.631"/>
  <testcase classname="testCases.Test_001" name="ltcLoanAmount" time="0.842"/>
  <testcase classname="testCases.Test_001" name="ltcEmiAndInterest" time="1.403"/>
  <testcase classname="testCases.Test_001" name="ltcFees" time="0.881"/>
</testsuite> <!-- chromeTest -->
