<?xml version="1.0" encoding="UTF-8"?>
<!-- Generated by org.testng.reporters.JUnitXMLReporter -->
<testsuite ignored="0" hostname="LTIN189892" failures="0" tests="20" name="edgeTest" time="36.338" errors="0" timestamp="2024-03-06T00:51:01 IST">
  <testcase classname="testCases.Test_001" name="verifyValidCarWebPage" time="0.0">
    <skipped/>
  </testcase> <!-- verifyValidCarWebPage -->
  <testcase classname="testCases.Test_001" name="dataFillingInCarLoan" time="0.0">
    <skipped/>
  </testcase> <!-- dataFillingInCarLoan -->
  <testcase classname="testCases.Test_001" name="verifyValidHomeWebPage" time="0.001">
    <skipped/>
  </testcase> <!-- verifyValidHomeWebPage -->
  <testcase classname="testCases.Test_001" name="uiHomeLoanEmiCalculator" time="0.0">
    <skipped/>
  </testcase> <!-- uiHomeLoanEmiCalculator -->
  <testcase classname="testCases.Test_001" name="uiHomeOwnerExpenses" time="0.0">
    <skipped/>
  </testcase> <!-- uiHomeOwnerExpenses -->
  <testcase classname="testCases.Test_001" name="dataFillingInHomeLoan" time="0.0">
    <skipped/>
  </testcase> <!-- dataFillingInHomeLoan -->
  <testcase classname="testCases.Test_001" name="verifyValidLoanWebPage" time="0.001">
    <skipped/>
  </testcase> <!-- verifyValidLoanWebPage -->
  <testcase classname="testCases.Test_001" name="ecLoanAmount" time="0.0">
    <skipped/>
  </testcase> <!-- ecLoanAmount -->
  <testcase classname="testCases.Test_001" name="ecInterest" time="0.0">
    <skipped/>
  </testcase> <!-- ecInterest -->
  <testcase classname="testCases.Test_001" name="ecLoanTenure" time="0.0">
    <skipped/>
  </testcase> <!-- ecLoanTenure -->
  <testcase classname="testCases.Test_001" name="ecFeesAndCharge" time="0.001">
    <skipped/>
  </testcase> <!-- ecFeesAndCharge -->
  <testcase classname="testCases.Test_001" name="verifyValidLoanAmountCalculator" time="0.0">
    <skipped/>
  </testcase> <!-- verifyValidLoanAmountCalculator -->
  <testcase classname="testCases.Test_001" name="lacEmi" time="0.0">
    <skipped/>
  </testcase> <!-- lacEmi -->
  <testcase classname="testCases.Test_001" name="lacInterest" time="0.0">
    <skipped/>
  </testcase> <!-- lacInterest -->
  <testcase classname="testCases.Test_001" name="lacLoanTenure" time="0.0">
    <skipped/>
  </testcase> <!-- lacLoanTenure -->
  <testcase classname="testCases.Test_001" name="lacFeesAndCharge" time="0.0">
    <skipped/>
  </testcase> <!-- lacFeesAndCharge -->
  <testcase classname="testCases.Test_001" name="verifyValidLoanTenureCalculator" time="0.0">
    <skipped/>
  </testcase> <!-- verifyValidLoanTenureCalculator -->
  <testcase classname="testCases.Test_001" name="ltcLoanAmount" time="0.0">
    <skipped/>
  </testcase> <!-- ltcLoanAmount -->
  <testcase classname="testCases.Test_001" name="ltcEmiAndInterest" time="0.0">
    <skipped/>
  </testcase> <!-- ltcEmiAndInterest -->
  <testcase classname="testCases.Test_001" name="ltcFees" time="0.0">
    <skipped/>
  </testcase> <!-- ltcFees -->
</testsuite> <!-- edgeTest -->
