<?xml version="1.0" encoding="UTF-8"?>
<!-- Generated by org.testng.reporters.JUnitXMLReporter -->
<testsuite ignored="0" hostname="LTIN189892" failures="0" tests="20" name="edgeTest" time="92.088" errors="0" timestamp="2024-03-11T10:03:15 IST">
  <testcase classname="testCases.Test_001" name="verifyValidCarWebPage" time="0.559"/>
  <testcase classname="testCases.Test_001" name="dataFillingInCarLoan" time="4.342"/>
  <testcase classname="testCases.Test_001" name="verifyValidHomeWebPage" time="2.653"/>
  <testcase classname="testCases.Test_001" name="uiHomeLoanEmiCalculator" time="1.356"/>
  <testcase classname="testCases.Test_001" name="uiHomeOwnerExpenses" time="1.42"/>
  <testcase classname="testCases.Test_001" name="dataFillingInHomeLoan" time="28.829"/>
  <testcase classname="testCases.Test_001" name="verifyValidLoanWebPage" time="2.418"/>
  <testcase classname="testCases.Test_001" name="ecLoanAmount" time="0.93"/>
  <testcase classname="testCases.Test_001" name="ecInterest" time="0.933"/>
  <testcase classname="testCases.Test_001" name="ecLoanTenure" time="1.826"/>
  <testcase classname="testCases.Test_001" name="ecFeesAndCharge" time="1.14"/>
  <testcase classname="testCases.Test_001" name="verifyValidLoanAmountCalculator" time="0.826"/>
  <testcase classname="testCases.Test_001" name="lacEmi" time="1.308"/>
  <testcase classname="testCases.Test_001" name="lacInterest" time="1.159"/>
  <testcase classname="testCases.Test_001" name="lacLoanTenure" time="2.034"/>
  <testcase classname="testCases.Test_001" name="lacFeesAndCharge" time="1.035"/>
  <testcase classname="testCases.Test_001" name="verifyValidLoanTenureCalculator" time="0.775"/>
  <testcase classname="testCases.Test_001" name="ltcLoanAmount" time="1.111"/>
  <testcase classname="testCases.Test_001" name="ltcEmiAndInterest" time="1.572"/>
  <testcase classname="testCases.Test_001" name="ltcFees" time="0.86"/>
</testsuite> <!-- edgeTest -->
