<?xml version="1.0" encoding="UTF-8"?>
<testng-results ignored="0" total="40" passed="40" failed="0" skipped="0">
  <reporter-output>
  </reporter-output>
  <suite started-at="2024-03-11T10:00:12 IST" name="Suite" finished-at="2024-03-11T10:03:10 IST" duration-ms="178307">
    <groups>
      <group name="regression">
        <method signature="Test_001.verifyValidCarWebPage()[pri:1, instance:testCases.Test_001@74d1dc36]" name="verifyValidCarWebPage" class="testCases.Test_001"/>
        <method signature="Test_001.dataFillingInCarLoan()[pri:2, instance:testCases.Test_001@74d1dc36]" name="dataFillingInCarLoan" class="testCases.Test_001"/>
        <method signature="Test_001.verifyValidHomeWebPage()[pri:3, instance:testCases.Test_001@74d1dc36]" name="verifyValidHomeWebPage" class="testCases.Test_001"/>
        <method signature="Test_001.uiHomeLoanEmiCalculator()[pri:4, instance:testCases.Test_001@74d1dc36]" name="uiHomeLoanEmiCalculator" class="testCases.Test_001"/>
        <method signature="Test_001.uiHomeOwnerExpenses()[pri:5, instance:testCases.Test_001@74d1dc36]" name="uiHomeOwnerExpenses" class="testCases.Test_001"/>
        <method signature="Test_001.dataFillingInHomeLoan()[pri:6, instance:testCases.Test_001@74d1dc36]" name="dataFillingInHomeLoan" class="testCases.Test_001"/>
        <method signature="Test_001.verifyValidLoanWebPage()[pri:7, instance:testCases.Test_001@74d1dc36]" name="verifyValidLoanWebPage" class="testCases.Test_001"/>
        <method signature="Test_001.ecLoanAmount()[pri:8, instance:testCases.Test_001@74d1dc36]" name="ecLoanAmount" class="testCases.Test_001"/>
        <method signature="Test_001.ecInterest()[pri:9, instance:testCases.Test_001@74d1dc36]" name="ecInterest" class="testCases.Test_001"/>
        <method signature="Test_001.ecLoanTenure()[pri:10, instance:testCases.Test_001@74d1dc36]" name="ecLoanTenure" class="testCases.Test_001"/>
        <method signature="Test_001.ecFeesAndCharge()[pri:11, instance:testCases.Test_001@74d1dc36]" name="ecFeesAndCharge" class="testCases.Test_001"/>
        <method signature="Test_001.verifyValidLoanAmountCalculator()[pri:12, instance:testCases.Test_001@74d1dc36]" name="verifyValidLoanAmountCalculator" class="testCases.Test_001"/>
        <method signature="Test_001.lacEmi()[pri:13, instance:testCases.Test_001@74d1dc36]" name="lacEmi" class="testCases.Test_001"/>
        <method signature="Test_001.lacInterest()[pri:14, instance:testCases.Test_001@74d1dc36]" name="lacInterest" class="testCases.Test_001"/>
        <method signature="Test_001.lacLoanTenure()[pri:15, instance:testCases.Test_001@74d1dc36]" name="lacLoanTenure" class="testCases.Test_001"/>
        <method signature="Test_001.lacFeesAndCharge()[pri:16, instance:testCases.Test_001@74d1dc36]" name="lacFeesAndCharge" class="testCases.Test_001"/>
        <method signature="Test_001.verifyValidLoanTenureCalculator()[pri:17, instance:testCases.Test_001@74d1dc36]" name="verifyValidLoanTenureCalculator" class="testCases.Test_001"/>
        <method signature="Test_001.ltcLoanAmount()[pri:18, instance:testCases.Test_001@74d1dc36]" name="ltcLoanAmount" class="testCases.Test_001"/>
        <method signature="Test_001.ltcEmiAndInterest()[pri:19, instance:testCases.Test_001@74d1dc36]" name="ltcEmiAndInterest" class="testCases.Test_001"/>
        <method signature="Test_001.ltcFees()[pri:20, instance:testCases.Test_001@74d1dc36]" name="ltcFees" class="testCases.Test_001"/>
        <method signature="Test_001.verifyValidCarWebPage()[pri:1, instance:testCases.Test_001@2767e23c]" name="verifyValidCarWebPage" class="testCases.Test_001"/>
        <method signature="Test_001.dataFillingInCarLoan()[pri:2, instance:testCases.Test_001@2767e23c]" name="dataFillingInCarLoan" class="testCases.Test_001"/>
        <method signature="Test_001.verifyValidHomeWebPage()[pri:3, instance:testCases.Test_001@2767e23c]" name="verifyValidHomeWebPage" class="testCases.Test_001"/>
        <method signature="Test_001.uiHomeLoanEmiCalculator()[pri:4, instance:testCases.Test_001@2767e23c]" name="uiHomeLoanEmiCalculator" class="testCases.Test_001"/>
        <method signature="Test_001.uiHomeOwnerExpenses()[pri:5, instance:testCases.Test_001@2767e23c]" name="uiHomeOwnerExpenses" class="testCases.Test_001"/>
        <method signature="Test_001.dataFillingInHomeLoan()[pri:6, instance:testCases.Test_001@2767e23c]" name="dataFillingInHomeLoan" class="testCases.Test_001"/>
        <method signature="Test_001.verifyValidLoanWebPage()[pri:7, instance:testCases.Test_001@2767e23c]" name="verifyValidLoanWebPage" class="testCases.Test_001"/>
        <method signature="Test_001.ecLoanAmount()[pri:8, instance:testCases.Test_001@2767e23c]" name="ecLoanAmount" class="testCases.Test_001"/>
        <method signature="Test_001.ecInterest()[pri:9, instance:testCases.Test_001@2767e23c]" name="ecInterest" class="testCases.Test_001"/>
        <method signature="Test_001.ecLoanTenure()[pri:10, instance:testCases.Test_001@2767e23c]" name="ecLoanTenure" class="testCases.Test_001"/>
        <method signature="Test_001.ecFeesAndCharge()[pri:11, instance:testCases.Test_001@2767e23c]" name="ecFeesAndCharge" class="testCases.Test_001"/>
        <method signature="Test_001.verifyValidLoanAmountCalculator()[pri:12, instance:testCases.Test_001@2767e23c]" name="verifyValidLoanAmountCalculator" class="testCases.Test_001"/>
        <method signature="Test_001.lacEmi()[pri:13, instance:testCases.Test_001@2767e23c]" name="lacEmi" class="testCases.Test_001"/>
        <method signature="Test_001.lacInterest()[pri:14, instance:testCases.Test_001@2767e23c]" name="lacInterest" class="testCases.Test_001"/>
        <method signature="Test_001.lacLoanTenure()[pri:15, instance:testCases.Test_001@2767e23c]" name="lacLoanTenure" class="testCases.Test_001"/>
        <method signature="Test_001.lacFeesAndCharge()[pri:16, instance:testCases.Test_001@2767e23c]" name="lacFeesAndCharge" class="testCases.Test_001"/>
        <method signature="Test_001.verifyValidLoanTenureCalculator()[pri:17, instance:testCases.Test_001@2767e23c]" name="verifyValidLoanTenureCalculator" class="testCases.Test_001"/>
        <method signature="Test_001.ltcLoanAmount()[pri:18, instance:testCases.Test_001@2767e23c]" name="ltcLoanAmount" class="testCases.Test_001"/>
        <method signature="Test_001.ltcEmiAndInterest()[pri:19, instance:testCases.Test_001@2767e23c]" name="ltcEmiAndInterest" class="testCases.Test_001"/>
        <method signature="Test_001.ltcFees()[pri:20, instance:testCases.Test_001@2767e23c]" name="ltcFees" class="testCases.Test_001"/>
      </group> <!-- regression -->
      <group name="sanity">
        <method signature="Test_001.verifyValidCarWebPage()[pri:1, instance:testCases.Test_001@74d1dc36]" name="verifyValidCarWebPage" class="testCases.Test_001"/>
        <method signature="Test_001.verifyValidHomeWebPage()[pri:3, instance:testCases.Test_001@74d1dc36]" name="verifyValidHomeWebPage" class="testCases.Test_001"/>
        <method signature="Test_001.uiHomeLoanEmiCalculator()[pri:4, instance:testCases.Test_001@74d1dc36]" name="uiHomeLoanEmiCalculator" class="testCases.Test_001"/>
        <method signature="Test_001.uiHomeOwnerExpenses()[pri:5, instance:testCases.Test_001@74d1dc36]" name="uiHomeOwnerExpenses" class="testCases.Test_001"/>
        <method signature="Test_001.verifyValidLoanWebPage()[pri:7, instance:testCases.Test_001@74d1dc36]" name="verifyValidLoanWebPage" class="testCases.Test_001"/>
        <method signature="Test_001.ecLoanAmount()[pri:8, instance:testCases.Test_001@74d1dc36]" name="ecLoanAmount" class="testCases.Test_001"/>
        <method signature="Test_001.ecLoanTenure()[pri:10, instance:testCases.Test_001@74d1dc36]" name="ecLoanTenure" class="testCases.Test_001"/>
        <method signature="Test_001.verifyValidLoanAmountCalculator()[pri:12, instance:testCases.Test_001@74d1dc36]" name="verifyValidLoanAmountCalculator" class="testCases.Test_001"/>
        <method signature="Test_001.lacLoanTenure()[pri:15, instance:testCases.Test_001@74d1dc36]" name="lacLoanTenure" class="testCases.Test_001"/>
        <method signature="Test_001.verifyValidLoanTenureCalculator()[pri:17, instance:testCases.Test_001@74d1dc36]" name="verifyValidLoanTenureCalculator" class="testCases.Test_001"/>
        <method signature="Test_001.verifyValidCarWebPage()[pri:1, instance:testCases.Test_001@2767e23c]" name="verifyValidCarWebPage" class="testCases.Test_001"/>
        <method signature="Test_001.verifyValidHomeWebPage()[pri:3, instance:testCases.Test_001@2767e23c]" name="verifyValidHomeWebPage" class="testCases.Test_001"/>
        <method signature="Test_001.uiHomeLoanEmiCalculator()[pri:4, instance:testCases.Test_001@2767e23c]" name="uiHomeLoanEmiCalculator" class="testCases.Test_001"/>
        <method signature="Test_001.uiHomeOwnerExpenses()[pri:5, instance:testCases.Test_001@2767e23c]" name="uiHomeOwnerExpenses" class="testCases.Test_001"/>
        <method signature="Test_001.verifyValidLoanWebPage()[pri:7, instance:testCases.Test_001@2767e23c]" name="verifyValidLoanWebPage" class="testCases.Test_001"/>
        <method signature="Test_001.ecLoanAmount()[pri:8, instance:testCases.Test_001@2767e23c]" name="ecLoanAmount" class="testCases.Test_001"/>
        <method signature="Test_001.ecLoanTenure()[pri:10, instance:testCases.Test_001@2767e23c]" name="ecLoanTenure" class="testCases.Test_001"/>
        <method signature="Test_001.verifyValidLoanAmountCalculator()[pri:12, instance:testCases.Test_001@2767e23c]" name="verifyValidLoanAmountCalculator" class="testCases.Test_001"/>
        <method signature="Test_001.lacLoanTenure()[pri:15, instance:testCases.Test_001@2767e23c]" name="lacLoanTenure" class="testCases.Test_001"/>
        <method signature="Test_001.verifyValidLoanTenureCalculator()[pri:17, instance:testCases.Test_001@2767e23c]" name="verifyValidLoanTenureCalculator" class="testCases.Test_001"/>
      </group> <!-- sanity -->
    </groups>
    <test started-at="2024-03-11T10:00:12 IST" name="chromeTest" finished-at="2024-03-11T10:01:31 IST" duration-ms="79583">
      <class name="testCases.Test_001">
        <test-method is-config="true" signature="setup(java.lang.String,java.lang.String)[pri:0, instance:testCases.Test_001@74d1dc36]" started-at="2024-03-11T10:00:13 IST" name="setup" finished-at="2024-03-11T10:00:28 IST" duration-ms="15480" status="PASS">
          <params>
            <param index="0">
              <value>
                <![CDATA[windows]]>
              </value>
            </param>
            <param index="1">
              <value>
                <![CDATA[chrome]]>
              </value>
            </param>
          </params>
          <reporter-output>
          </reporter-output>
        </test-method> <!-- setup -->
        <test-method signature="verifyValidCarWebPage()[pri:1, instance:testCases.Test_001@74d1dc36]" started-at="2024-03-11T10:00:28 IST" name="verifyValidCarWebPage" finished-at="2024-03-11T10:00:29 IST" duration-ms="677" status="PASS">
          <reporter-output>
          </reporter-output>
        </test-method> <!-- verifyValidCarWebPage -->
        <test-method signature="dataFillingInCarLoan()[pri:2, instance:testCases.Test_001@74d1dc36]" started-at="2024-03-11T10:00:29 IST" name="dataFillingInCarLoan" finished-at="2024-03-11T10:00:33 IST" duration-ms="3644" status="PASS">
          <reporter-output>
          </reporter-output>
        </test-method> <!-- dataFillingInCarLoan -->
        <test-method signature="verifyValidHomeWebPage()[pri:3, instance:testCases.Test_001@74d1dc36]" started-at="2024-03-11T10:00:33 IST" name="verifyValidHomeWebPage" finished-at="2024-03-11T10:00:35 IST" duration-ms="2092" status="PASS">
          <reporter-output>
          </reporter-output>
        </test-method> <!-- verifyValidHomeWebPage -->
        <test-method signature="uiHomeLoanEmiCalculator()[pri:4, instance:testCases.Test_001@74d1dc36]" started-at="2024-03-11T10:00:36 IST" name="uiHomeLoanEmiCalculator" finished-at="2024-03-11T10:00:37 IST" duration-ms="1429" status="PASS">
          <reporter-output>
          </reporter-output>
        </test-method> <!-- uiHomeLoanEmiCalculator -->
        <test-method signature="uiHomeOwnerExpenses()[pri:5, instance:testCases.Test_001@74d1dc36]" started-at="2024-03-11T10:00:38 IST" name="uiHomeOwnerExpenses" finished-at="2024-03-11T10:00:39 IST" duration-ms="1354" status="PASS">
          <reporter-output>
          </reporter-output>
        </test-method> <!-- uiHomeOwnerExpenses -->
        <test-method signature="dataFillingInHomeLoan()[pri:6, instance:testCases.Test_001@74d1dc36]" started-at="2024-03-11T10:00:39 IST" name="dataFillingInHomeLoan" finished-at="2024-03-11T10:01:09 IST" duration-ms="30155" status="PASS">
          <reporter-output>
          </reporter-output>
        </test-method> <!-- dataFillingInHomeLoan -->
        <test-method signature="verifyValidLoanWebPage()[pri:7, instance:testCases.Test_001@74d1dc36]" started-at="2024-03-11T10:01:10 IST" name="verifyValidLoanWebPage" finished-at="2024-03-11T10:01:12 IST" duration-ms="2310" status="PASS">
          <reporter-output>
          </reporter-output>
        </test-method> <!-- verifyValidLoanWebPage -->
        <test-method signature="ecLoanAmount()[pri:8, instance:testCases.Test_001@74d1dc36]" started-at="2024-03-11T10:01:12 IST" name="ecLoanAmount" finished-at="2024-03-11T10:01:14 IST" duration-ms="1078" status="PASS">
          <reporter-output>
          </reporter-output>
        </test-method> <!-- ecLoanAmount -->
        <test-method signature="ecInterest()[pri:9, instance:testCases.Test_001@74d1dc36]" started-at="2024-03-11T10:01:14 IST" name="ecInterest" finished-at="2024-03-11T10:01:15 IST" duration-ms="1048" status="PASS">
          <reporter-output>
          </reporter-output>
        </test-method> <!-- ecInterest -->
        <test-method signature="ecLoanTenure()[pri:10, instance:testCases.Test_001@74d1dc36]" started-at="2024-03-11T10:01:15 IST" name="ecLoanTenure" finished-at="2024-03-11T10:01:17 IST" duration-ms="1849" status="PASS">
          <reporter-output>
          </reporter-output>
        </test-method> <!-- ecLoanTenure -->
        <test-method signature="ecFeesAndCharge()[pri:11, instance:testCases.Test_001@74d1dc36]" started-at="2024-03-11T10:01:18 IST" name="ecFeesAndCharge" finished-at="2024-03-11T10:01:18 IST" duration-ms="892" status="PASS">
          <reporter-output>
          </reporter-output>
        </test-method> <!-- ecFeesAndCharge -->
        <test-method signature="verifyValidLoanAmountCalculator()[pri:12, instance:testCases.Test_001@74d1dc36]" started-at="2024-03-11T10:01:19 IST" name="verifyValidLoanAmountCalculator" finished-at="2024-03-11T10:01:19 IST" duration-ms="558" status="PASS">
          <reporter-output>
          </reporter-output>
        </test-method> <!-- verifyValidLoanAmountCalculator -->
        <test-method signature="lacEmi()[pri:13, instance:testCases.Test_001@74d1dc36]" started-at="2024-03-11T10:01:19 IST" name="lacEmi" finished-at="2024-03-11T10:01:20 IST" duration-ms="820" status="PASS">
          <reporter-output>
          </reporter-output>
        </test-method> <!-- lacEmi -->
        <test-method signature="lacInterest()[pri:14, instance:testCases.Test_001@74d1dc36]" started-at="2024-03-11T10:01:21 IST" name="lacInterest" finished-at="2024-03-11T10:01:21 IST" duration-ms="822" status="PASS">
          <reporter-output>
          </reporter-output>
        </test-method> <!-- lacInterest -->
        <test-method signature="lacLoanTenure()[pri:15, instance:testCases.Test_001@74d1dc36]" started-at="2024-03-11T10:01:22 IST" name="lacLoanTenure" finished-at="2024-03-11T10:01:23 IST" duration-ms="1538" status="PASS">
          <reporter-output>
          </reporter-output>
        </test-method> <!-- lacLoanTenure -->
        <test-method signature="lacFeesAndCharge()[pri:16, instance:testCases.Test_001@74d1dc36]" started-at="2024-03-11T10:01:23 IST" name="lacFeesAndCharge" finished-at="2024-03-11T10:01:25 IST" duration-ms="1110" status="PASS">
          <reporter-output>
          </reporter-output>
        </test-method> <!-- lacFeesAndCharge -->
        <test-method signature="verifyValidLoanTenureCalculator()[pri:17, instance:testCases.Test_001@74d1dc36]" started-at="2024-03-11T10:01:25 IST" name="verifyValidLoanTenureCalculator" finished-at="2024-03-11T10:01:25 IST" duration-ms="631" status="PASS">
          <reporter-output>
          </reporter-output>
        </test-method> <!-- verifyValidLoanTenureCalculator -->
        <test-method signature="ltcLoanAmount()[pri:18, instance:testCases.Test_001@74d1dc36]" started-at="2024-03-11T10:01:26 IST" name="ltcLoanAmount" finished-at="2024-03-11T10:01:27 IST" duration-ms="842" status="PASS">
          <reporter-output>
          </reporter-output>
        </test-method> <!-- ltcLoanAmount -->
        <test-method signature="ltcEmiAndInterest()[pri:19, instance:testCases.Test_001@74d1dc36]" started-at="2024-03-11T10:01:27 IST" name="ltcEmiAndInterest" finished-at="2024-03-11T10:01:28 IST" duration-ms="1403" status="PASS">
          <reporter-output>
          </reporter-output>
        </test-method> <!-- ltcEmiAndInterest -->
        <test-method signature="ltcFees()[pri:20, instance:testCases.Test_001@74d1dc36]" started-at="2024-03-11T10:01:28 IST" name="ltcFees" finished-at="2024-03-11T10:01:29 IST" duration-ms="881" status="PASS">
          <reporter-output>
          </reporter-output>
        </test-method> <!-- ltcFees -->
        <test-method is-config="true" signature="teardown()[pri:0, instance:testCases.Test_001@74d1dc36]" started-at="2024-03-11T10:01:30 IST" name="teardown" finished-at="2024-03-11T10:01:31 IST" duration-ms="1427" status="PASS">
          <reporter-output>
          </reporter-output>
        </test-method> <!-- teardown -->
      </class> <!-- testCases.Test_001 -->
    </test> <!-- chromeTest -->
    <test started-at="2024-03-11T10:01:38 IST" name="edgeTest" finished-at="2024-03-11T10:03:10 IST" duration-ms="92088">
      <class name="testCases.Test_001">
        <test-method is-config="true" signature="setup(java.lang.String,java.lang.String)[pri:0, instance:testCases.Test_001@2767e23c]" started-at="2024-03-11T10:01:38 IST" name="setup" finished-at="2024-03-11T10:02:04 IST" duration-ms="26719" status="PASS">
          <params>
            <param index="0">
              <value>
                <![CDATA[windows]]>
              </value>
            </param>
            <param index="1">
              <value>
                <![CDATA[edge]]>
              </value>
            </param>
          </params>
          <reporter-output>
          </reporter-output>
        </test-method> <!-- setup -->
        <test-method signature="verifyValidCarWebPage()[pri:1, instance:testCases.Test_001@2767e23c]" started-at="2024-03-11T10:02:04 IST" name="verifyValidCarWebPage" finished-at="2024-03-11T10:02:05 IST" duration-ms="559" status="PASS">
          <reporter-output>
          </reporter-output>
        </test-method> <!-- verifyValidCarWebPage -->
        <test-method signature="dataFillingInCarLoan()[pri:2, instance:testCases.Test_001@2767e23c]" started-at="2024-03-11T10:02:06 IST" name="dataFillingInCarLoan" finished-at="2024-03-11T10:02:10 IST" duration-ms="4342" status="PASS">
          <reporter-output>
          </reporter-output>
        </test-method> <!-- dataFillingInCarLoan -->
        <test-method signature="verifyValidHomeWebPage()[pri:3, instance:testCases.Test_001@2767e23c]" started-at="2024-03-11T10:02:10 IST" name="verifyValidHomeWebPage" finished-at="2024-03-11T10:02:13 IST" duration-ms="2653" status="PASS">
          <reporter-output>
          </reporter-output>
        </test-method> <!-- verifyValidHomeWebPage -->
        <test-method signature="uiHomeLoanEmiCalculator()[pri:4, instance:testCases.Test_001@2767e23c]" started-at="2024-03-11T10:02:13 IST" name="uiHomeLoanEmiCalculator" finished-at="2024-03-11T10:02:15 IST" duration-ms="1356" status="PASS">
          <reporter-output>
          </reporter-output>
        </test-method> <!-- uiHomeLoanEmiCalculator -->
        <test-method signature="uiHomeOwnerExpenses()[pri:5, instance:testCases.Test_001@2767e23c]" started-at="2024-03-11T10:02:15 IST" name="uiHomeOwnerExpenses" finished-at="2024-03-11T10:02:16 IST" duration-ms="1420" status="PASS">
          <reporter-output>
          </reporter-output>
        </test-method> <!-- uiHomeOwnerExpenses -->
        <test-method signature="dataFillingInHomeLoan()[pri:6, instance:testCases.Test_001@2767e23c]" started-at="2024-03-11T10:02:17 IST" name="dataFillingInHomeLoan" finished-at="2024-03-11T10:02:46 IST" duration-ms="28829" status="PASS">
          <reporter-output>
          </reporter-output>
        </test-method> <!-- dataFillingInHomeLoan -->
        <test-method signature="verifyValidLoanWebPage()[pri:7, instance:testCases.Test_001@2767e23c]" started-at="2024-03-11T10:02:46 IST" name="verifyValidLoanWebPage" finished-at="2024-03-11T10:02:48 IST" duration-ms="2418" status="PASS">
          <reporter-output>
          </reporter-output>
        </test-method> <!-- verifyValidLoanWebPage -->
        <test-method signature="ecLoanAmount()[pri:8, instance:testCases.Test_001@2767e23c]" started-at="2024-03-11T10:02:49 IST" name="ecLoanAmount" finished-at="2024-03-11T10:02:50 IST" duration-ms="930" status="PASS">
          <reporter-output>
          </reporter-output>
        </test-method> <!-- ecLoanAmount -->
        <test-method signature="ecInterest()[pri:9, instance:testCases.Test_001@2767e23c]" started-at="2024-03-11T10:02:50 IST" name="ecInterest" finished-at="2024-03-11T10:02:51 IST" duration-ms="933" status="PASS">
          <reporter-output>
          </reporter-output>
        </test-method> <!-- ecInterest -->
        <test-method signature="ecLoanTenure()[pri:10, instance:testCases.Test_001@2767e23c]" started-at="2024-03-11T10:02:51 IST" name="ecLoanTenure" finished-at="2024-03-11T10:02:53 IST" duration-ms="1826" status="PASS">
          <reporter-output>
          </reporter-output>
        </test-method> <!-- ecLoanTenure -->
        <test-method signature="ecFeesAndCharge()[pri:11, instance:testCases.Test_001@2767e23c]" started-at="2024-03-11T10:02:53 IST" name="ecFeesAndCharge" finished-at="2024-03-11T10:02:55 IST" duration-ms="1140" status="PASS">
          <reporter-output>
          </reporter-output>
        </test-method> <!-- ecFeesAndCharge -->
        <test-method signature="verifyValidLoanAmountCalculator()[pri:12, instance:testCases.Test_001@2767e23c]" started-at="2024-03-11T10:02:55 IST" name="verifyValidLoanAmountCalculator" finished-at="2024-03-11T10:02:56 IST" duration-ms="826" status="PASS">
          <reporter-output>
          </reporter-output>
        </test-method> <!-- verifyValidLoanAmountCalculator -->
        <test-method signature="lacEmi()[pri:13, instance:testCases.Test_001@2767e23c]" started-at="2024-03-11T10:02:56 IST" name="lacEmi" finished-at="2024-03-11T10:02:57 IST" duration-ms="1308" status="PASS">
          <reporter-output>
          </reporter-output>
        </test-method> <!-- lacEmi -->
        <test-method signature="lacInterest()[pri:14, instance:testCases.Test_001@2767e23c]" started-at="2024-03-11T10:02:58 IST" name="lacInterest" finished-at="2024-03-11T10:02:59 IST" duration-ms="1159" status="PASS">
          <reporter-output>
          </reporter-output>
        </test-method> <!-- lacInterest -->
        <test-method signature="lacLoanTenure()[pri:15, instance:testCases.Test_001@2767e23c]" started-at="2024-03-11T10:02:59 IST" name="lacLoanTenure" finished-at="2024-03-11T10:03:01 IST" duration-ms="2034" status="PASS">
          <reporter-output>
          </reporter-output>
        </test-method> <!-- lacLoanTenure -->
        <test-method signature="lacFeesAndCharge()[pri:16, instance:testCases.Test_001@2767e23c]" started-at="2024-03-11T10:03:02 IST" name="lacFeesAndCharge" finished-at="2024-03-11T10:03:03 IST" duration-ms="1035" status="PASS">
          <reporter-output>
          </reporter-output>
        </test-method> <!-- lacFeesAndCharge -->
        <test-method signature="verifyValidLoanTenureCalculator()[pri:17, instance:testCases.Test_001@2767e23c]" started-at="2024-03-11T10:03:03 IST" name="verifyValidLoanTenureCalculator" finished-at="2024-03-11T10:03:04 IST" duration-ms="775" status="PASS">
          <reporter-output>
          </reporter-output>
        </test-method> <!-- verifyValidLoanTenureCalculator -->
        <test-method signature="ltcLoanAmount()[pri:18, instance:testCases.Test_001@2767e23c]" started-at="2024-03-11T10:03:04 IST" name="ltcLoanAmount" finished-at="2024-03-11T10:03:05 IST" duration-ms="1111" status="PASS">
          <reporter-output>
          </reporter-output>
        </test-method> <!-- ltcLoanAmount -->
        <test-method signature="ltcEmiAndInterest()[pri:19, instance:testCases.Test_001@2767e23c]" started-at="2024-03-11T10:03:06 IST" name="ltcEmiAndInterest" finished-at="2024-03-11T10:03:07 IST" duration-ms="1572" status="PASS">
          <reporter-output>
          </reporter-output>
        </test-method> <!-- ltcEmiAndInterest -->
        <test-method signature="ltcFees()[pri:20, instance:testCases.Test_001@2767e23c]" started-at="2024-03-11T10:03:07 IST" name="ltcFees" finished-at="2024-03-11T10:03:08 IST" duration-ms="860" status="PASS">
          <reporter-output>
          </reporter-output>
        </test-method> <!-- ltcFees -->
        <test-method is-config="true" signature="teardown()[pri:0, instance:testCases.Test_001@2767e23c]" started-at="2024-03-11T10:03:09 IST" name="teardown" finished-at="2024-03-11T10:03:10 IST" duration-ms="1289" status="PASS">
          <reporter-output>
          </reporter-output>
        </test-method> <!-- teardown -->
      </class> <!-- testCases.Test_001 -->
    </test> <!-- edgeTest -->
  </suite> <!-- Suite -->
</testng-results>
